[2025-12-08T18:24:36.728Z] [Global Chat Endpoint] ReferenceError: mcpSession is not defined
    at POST (webpack-internal:///(rsc)/./app/api/chat/route.ts:218:22)
    at process.processTicksAndRejections (node:internal/process/task_queues:105:5)
    at async AppRouteRouteModule.do (C:\Users\fabricio.lima\OneDrive - HITSS DO BRASIL SERVIÇOS TECNOLOGICOS LTDA\Área de Trabalho - Antiga\Projetos React\Rube-Local\node_modules\next\dist\compiled\next-server\app-route.runtime.dev.js:5:38696)
    at async AppRouteRouteModule.handle (C:\Users\fabricio.lima\OneDrive - HITSS DO BRASIL SERVIÇOS TECNOLOGICOS LTDA\Área de Trabalho - Antiga\Projetos React\Rube-Local\node_modules\next\dist\compiled\next-server\app-route.runtime.dev.js:5:45978)
    at async responseGenerator (webpack-internal:///(rsc)/./node_modules/next/dist/build/webpack/loaders/next-app-loader/index.js?name=app%2Fapi%2Fchat%2Froute&page=%2Fapi%2Fchat%2Froute&appPaths=&pagePath=private-next-app-dir%2Fapi%2Fchat%2Froute.ts&appDir=C%3A%5CUsers%5Cfabricio.lima%5COneDrive%20-%20HITSS%20DO%20BRASIL%20SERVI%C3%87OS%20TECNOLOGICOS%20LTDA%5C%C3%81rea%20de%20Trabalho%20-%20Antiga%5CProjetos%20React%5CRube-Local%5Capp&pageExtensions=tsx&pageExtensions=ts&pageExtensions=jsx&pageExtensions=js&rootDir=C%3A%5CUsers%5Cfabricio.lima%5COneDrive%20-%20HITSS%20DO%20BRASIL%20SERVI%C3%87OS%20TECNOLOGICOS%20LTDA%5C%C3%81rea%20de%20Trabalho%20-%20Antiga%5CProjetos%20React%5CRube-Local&isDev=true&tsconfigPath=tsconfig.json&basePath=&assetPrefix=&nextConfigOutput=standalone&preferredRegion=&middlewareConfig=e30%3D&isGlobalNotFoundEnabled=!:203:38)
    at async AppRouteRouteModule.handleResponse (C:\Users\fabricio.lima\OneDrive - HITSS DO BRASIL SERVIÇOS TECNOLOGICOS LTDA\Área de Trabalho - Antiga\Projetos React\Rube-Local\node_modules\next\dist\compiled\next-server\app-route.runtime.dev.js:1:187565)
    at async handleResponse (webpack-internal:///(rsc)/./node_modules/next/dist/build/webpack/loaders/next-app-loader/index.js?name=app%2Fapi%2Fchat%2Froute&page=%2Fapi%2Fchat%2Froute&appPaths=&pagePath=private-next-app-dir%2Fapi%2Fchat%2Froute.ts&appDir=C%3A%5CUsers%5Cfabricio.lima%5COneDrive%20-%20HITSS%20DO%20BRASIL%20SERVI%C3%87OS%20TECNOLOGICOS%20LTDA%5C%C3%81rea%20de%20Trabalho%20-%20Antiga%5CProjetos%20React%5CRube-Local%5Capp&pageExtensions=tsx&pageExtensions=ts&pageExtensions=jsx&pageExtensions=js&rootDir=C%3A%5CUsers%5Cfabricio.lima%5COneDrive%20-%20HITSS%20DO%20BRASIL%20SERVI%C3%87OS%20TECNOLOGICOS%20LTDA%5C%C3%81rea%20de%20Trabalho%20-%20Antiga%5CProjetos%20React%5CRube-Local&isDev=true&tsconfigPath=tsconfig.json&basePath=&assetPrefix=&nextConfigOutput=standalone&preferredRegion=&middlewareConfig=e30%3D&isGlobalNotFoundEnabled=!:265:32)
    at async handler (webpack-internal:///(rsc)/./node_modules/next/dist/build/webpack/loaders/next-app-loader/index.js?name=app%2Fapi%2Fchat%2Froute&page=%2Fapi%2Fchat%2Froute&appPaths=&pagePath=private-next-app-dir%2Fapi%2Fchat%2Froute.ts&appDir=C%3A%5CUsers%5Cfabricio.lima%5COneDrive%20-%20HITSS%20DO%20BRASIL%20SERVI%C3%87OS%20TECNOLOGICOS%20LTDA%5C%C3%81rea%20de%20Trabalho%20-%20Antiga%5CProjetos%20React%5CRube-Local%5Capp&pageExtensions=tsx&pageExtensions=ts&pageExtensions=jsx&pageExtensions=js&rootDir=C%3A%5CUsers%5Cfabricio.lima%5COneDrive%20-%20HITSS%20DO%20BRASIL%20SERVI%C3%87OS%20TECNOLOGICOS%20LTDA%5C%C3%81rea%20de%20Trabalho%20-%20Antiga%5CProjetos%20React%5CRube-Local&isDev=true&tsconfigPath=tsconfig.json&basePath=&assetPrefix=&nextConfigOutput=standalone&preferredRegion=&middlewareConfig=e30%3D&isGlobalNotFoundEnabled=!:317:13)
    at async DevServer.renderToResponseWithComponentsImpl (C:\Users\fabricio.lima\OneDrive - HITSS DO BRASIL SERVIÇOS TECNOLOGICOS LTDA\Área de Trabalho - Antiga\Projetos React\Rube-Local\node_modules\next\dist\server\base-server.js:1422:9)
    at async DevServer.renderPageComponent (C:\Users\fabricio.lima\OneDrive - HITSS DO BRASIL SERVIÇOS TECNOLOGICOS LTDA\Área de Trabalho - Antiga\Projetos React\Rube-Local\node_modules\next\dist\server\base-server.js:1474:24)
    at async DevServer.renderToResponseImpl (C:\Users\fabricio.lima\OneDrive - HITSS DO BRASIL SERVIÇOS TECNOLOGICOS LTDA\Área de Trabalho - Antiga\Projetos React\Rube-Local\node_modules\next\dist\server\base-server.js:1514:32)
    at async DevServer.pipeImpl (C:\Users\fabricio.lima\OneDrive - HITSS DO BRASIL SERVIÇOS TECNOLOGICOS LTDA\Área de Trabalho - Antiga\Projetos React\Rube-Local\node_modules\next\dist\server\base-server.js:1025:25)
    at async NextNodeServer.handleCatchallRenderRequest (C:\Users\fabricio.lima\OneDrive - HITSS DO BRASIL SERVIÇOS TECNOLOGICOS LTDA\Área de Trabalho - Antiga\Projetos React\Rube-Local\node_modules\next\dist\server\next-server.js:393:17)
    at async DevServer.handleRequestImpl (C:\Users\fabricio.lima\OneDrive - HITSS DO BRASIL SERVIÇOS TECNOLOGICOS LTDA\Área de Trabalho - Antiga\Projetos React\Rube-Local\node_modules\next\dist\server\base-server.js:916:17)
    at async C:\Users\fabricio.lima\OneDrive - HITSS DO BRASIL SERVIÇOS TECNOLOGICOS LTDA\Área de Trabalho - Antiga\Projetos React\Rube-Local\node_modules\next\dist\server\dev\next-dev-server.js:399:20
    at async Span.traceAsyncFn (C:\Users\fabricio.lima\OneDrive - HITSS DO BRASIL SERVIÇOS TECNOLOGICOS LTDA\Área de Trabalho - Antiga\Projetos React\Rube-Local\node_modules\next\dist\trace\trace.js:157:20)
    at async DevServer.handleRequest (C:\Users\fabricio.lima\OneDrive - HITSS DO BRASIL SERVIÇOS TECNOLOGICOS LTDA\Área de Trabalho - Antiga\Projetos React\Rube-Local\node_modules\next\dist\server\dev\next-dev-server.js:395:24)
    at async invokeRender (C:\Users\fabricio.lima\OneDrive - HITSS DO BRASIL SERVIÇOS TECNOLOGICOS LTDA\Área de Trabalho - Antiga\Projetos React\Rube-Local\node_modules\next\dist\server\lib\router-server.js:240:21)
    at async handleRequest (C:\Users\fabricio.lima\OneDrive - HITSS DO BRASIL SERVIÇOS TECNOLOGICOS LTDA\Área de Trabalho - Antiga\Projetos React\Rube-Local\node_modules\next\dist\server\lib\router-server.js:437:24)
    at async requestHandlerImpl (C:\Users\fabricio.lima\OneDrive - HITSS DO BRASIL SERVIÇOS TECNOLOGICOS LTDA\Área de Trabalho - Antiga\Projetos React\Rube-Local\node_modules\next\dist\server\lib\router-server.js:485:13)
    at async Server.requestListener (C:\Users\fabricio.lima\OneDrive - HITSS DO BRASIL SERVIÇOS TECNOLOGICOS LTDA\Área de Trabalho - Antiga\Projetos React\Rube-Local\node_modules\next\dist\server\lib\start-server.js:226:13)
[2025-12-08T18:24:40.156Z] [Global Chat Endpoint] ReferenceError: mcpSession is not defined
    at POST (webpack-internal:///(rsc)/./app/api/chat/route.ts:218:22)
    at process.processTicksAndRejections (node:internal/process/task_queues:105:5)
    at async AppRouteRouteModule.do (C:\Users\fabricio.lima\OneDrive - HITSS DO BRASIL SERVIÇOS TECNOLOGICOS LTDA\Área de Trabalho - Antiga\Projetos React\Rube-Local\node_modules\next\dist\compiled\next-server\app-route.runtime.dev.js:5:38696)
    at async AppRouteRouteModule.handle (C:\Users\fabricio.lima\OneDrive - HITSS DO BRASIL SERVIÇOS TECNOLOGICOS LTDA\Área de Trabalho - Antiga\Projetos React\Rube-Local\node_modules\next\dist\compiled\next-server\app-route.runtime.dev.js:5:45978)
    at async responseGenerator (webpack-internal:///(rsc)/./node_modules/next/dist/build/webpack/loaders/next-app-loader/index.js?name=app%2Fapi%2Fchat%2Froute&page=%2Fapi%2Fchat%2Froute&appPaths=&pagePath=private-next-app-dir%2Fapi%2Fchat%2Froute.ts&appDir=C%3A%5CUsers%5Cfabricio.lima%5COneDrive%20-%20HITSS%20DO%20BRASIL%20SERVI%C3%87OS%20TECNOLOGICOS%20LTDA%5C%C3%81rea%20de%20Trabalho%20-%20Antiga%5CProjetos%20React%5CRube-Local%5Capp&pageExtensions=tsx&pageExtensions=ts&pageExtensions=jsx&pageExtensions=js&rootDir=C%3A%5CUsers%5Cfabricio.lima%5COneDrive%20-%20HITSS%20DO%20BRASIL%20SERVI%C3%87OS%20TECNOLOGICOS%20LTDA%5C%C3%81rea%20de%20Trabalho%20-%20Antiga%5CProjetos%20React%5CRube-Local&isDev=true&tsconfigPath=tsconfig.json&basePath=&assetPrefix=&nextConfigOutput=standalone&preferredRegion=&middlewareConfig=e30%3D&isGlobalNotFoundEnabled=!:203:38)
    at async AppRouteRouteModule.handleResponse (C:\Users\fabricio.lima\OneDrive - HITSS DO BRASIL SERVIÇOS TECNOLOGICOS LTDA\Área de Trabalho - Antiga\Projetos React\Rube-Local\node_modules\next\dist\compiled\next-server\app-route.runtime.dev.js:1:187565)
    at async handleResponse (webpack-internal:///(rsc)/./node_modules/next/dist/build/webpack/loaders/next-app-loader/index.js?name=app%2Fapi%2Fchat%2Froute&page=%2Fapi%2Fchat%2Froute&appPaths=&pagePath=private-next-app-dir%2Fapi%2Fchat%2Froute.ts&appDir=C%3A%5CUsers%5Cfabricio.lima%5COneDrive%20-%20HITSS%20DO%20BRASIL%20SERVI%C3%87OS%20TECNOLOGICOS%20LTDA%5C%C3%81rea%20de%20Trabalho%20-%20Antiga%5CProjetos%20React%5CRube-Local%5Capp&pageExtensions=tsx&pageExtensions=ts&pageExtensions=jsx&pageExtensions=js&rootDir=C%3A%5CUsers%5Cfabricio.lima%5COneDrive%20-%20HITSS%20DO%20BRASIL%20SERVI%C3%87OS%20TECNOLOGICOS%20LTDA%5C%C3%81rea%20de%20Trabalho%20-%20Antiga%5CProjetos%20React%5CRube-Local&isDev=true&tsconfigPath=tsconfig.json&basePath=&assetPrefix=&nextConfigOutput=standalone&preferredRegion=&middlewareConfig=e30%3D&isGlobalNotFoundEnabled=!:265:32)
    at async handler (webpack-internal:///(rsc)/./node_modules/next/dist/build/webpack/loaders/next-app-loader/index.js?name=app%2Fapi%2Fchat%2Froute&page=%2Fapi%2Fchat%2Froute&appPaths=&pagePath=private-next-app-dir%2Fapi%2Fchat%2Froute.ts&appDir=C%3A%5CUsers%5Cfabricio.lima%5COneDrive%20-%20HITSS%20DO%20BRASIL%20SERVI%C3%87OS%20TECNOLOGICOS%20LTDA%5C%C3%81rea%20de%20Trabalho%20-%20Antiga%5CProjetos%20React%5CRube-Local%5Capp&pageExtensions=tsx&pageExtensions=ts&pageExtensions=jsx&pageExtensions=js&rootDir=C%3A%5CUsers%5Cfabricio.lima%5COneDrive%20-%20HITSS%20DO%20BRASIL%20SERVI%C3%87OS%20TECNOLOGICOS%20LTDA%5C%C3%81rea%20de%20Trabalho%20-%20Antiga%5CProjetos%20React%5CRube-Local&isDev=true&tsconfigPath=tsconfig.json&basePath=&assetPrefix=&nextConfigOutput=standalone&preferredRegion=&middlewareConfig=e30%3D&isGlobalNotFoundEnabled=!:317:13)
    at async DevServer.renderToResponseWithComponentsImpl (C:\Users\fabricio.lima\OneDrive - HITSS DO BRASIL SERVIÇOS TECNOLOGICOS LTDA\Área de Trabalho - Antiga\Projetos React\Rube-Local\node_modules\next\dist\server\base-server.js:1422:9)
    at async DevServer.renderPageComponent (C:\Users\fabricio.lima\OneDrive - HITSS DO BRASIL SERVIÇOS TECNOLOGICOS LTDA\Área de Trabalho - Antiga\Projetos React\Rube-Local\node_modules\next\dist\server\base-server.js:1474:24)
    at async DevServer.renderToResponseImpl (C:\Users\fabricio.lima\OneDrive - HITSS DO BRASIL SERVIÇOS TECNOLOGICOS LTDA\Área de Trabalho - Antiga\Projetos React\Rube-Local\node_modules\next\dist\server\base-server.js:1514:32)
    at async DevServer.pipeImpl (C:\Users\fabricio.lima\OneDrive - HITSS DO BRASIL SERVIÇOS TECNOLOGICOS LTDA\Área de Trabalho - Antiga\Projetos React\Rube-Local\node_modules\next\dist\server\base-server.js:1025:25)
    at async NextNodeServer.handleCatchallRenderRequest (C:\Users\fabricio.lima\OneDrive - HITSS DO BRASIL SERVIÇOS TECNOLOGICOS LTDA\Área de Trabalho - Antiga\Projetos React\Rube-Local\node_modules\next\dist\server\next-server.js:393:17)
    at async DevServer.handleRequestImpl (C:\Users\fabricio.lima\OneDrive - HITSS DO BRASIL SERVIÇOS TECNOLOGICOS LTDA\Área de Trabalho - Antiga\Projetos React\Rube-Local\node_modules\next\dist\server\base-server.js:916:17)
    at async C:\Users\fabricio.lima\OneDrive - HITSS DO BRASIL SERVIÇOS TECNOLOGICOS LTDA\Área de Trabalho - Antiga\Projetos React\Rube-Local\node_modules\next\dist\server\dev\next-dev-server.js:399:20
    at async Span.traceAsyncFn (C:\Users\fabricio.lima\OneDrive - HITSS DO BRASIL SERVIÇOS TECNOLOGICOS LTDA\Área de Trabalho - Antiga\Projetos React\Rube-Local\node_modules\next\dist\trace\trace.js:157:20)
    at async DevServer.handleRequest (C:\Users\fabricio.lima\OneDrive - HITSS DO BRASIL SERVIÇOS TECNOLOGICOS LTDA\Área de Trabalho - Antiga\Projetos React\Rube-Local\node_modules\next\dist\server\dev\next-dev-server.js:395:24)
    at async invokeRender (C:\Users\fabricio.lima\OneDrive - HITSS DO BRASIL SERVIÇOS TECNOLOGICOS LTDA\Área de Trabalho - Antiga\Projetos React\Rube-Local\node_modules\next\dist\server\lib\router-server.js:240:21)
    at async handleRequest (C:\Users\fabricio.lima\OneDrive - HITSS DO BRASIL SERVIÇOS TECNOLOGICOS LTDA\Área de Trabalho - Antiga\Projetos React\Rube-Local\node_modules\next\dist\server\lib\router-server.js:437:24)
    at async requestHandlerImpl (C:\Users\fabricio.lima\OneDrive - HITSS DO BRASIL SERVIÇOS TECNOLOGICOS LTDA\Área de Trabalho - Antiga\Projetos React\Rube-Local\node_modules\next\dist\server\lib\router-server.js:485:13)
    at async Server.requestListener (C:\Users\fabricio.lima\OneDrive - HITSS DO BRASIL SERVIÇOS TECNOLOGICOS LTDA\Área de Trabalho - Antiga\Projetos React\Rube-Local\node_modules\next\dist\server\lib\start-server.js:226:13)
